This file contains any messages produced by compilers while
running configure, to aid debugging if configure makes a mistake.

It was created by hclib configure 1.0, which was
generated by GNU Autoconf 2.71.  Invocation command line was

  $ ../configure --prefix=/home/dev/PRMP/tmp/hclib-light/hclib-install

## --------- ##
## Platform. ##
## --------- ##

hostname = LAPTOP-VVEOPBGI
uname -m = x86_64
uname -r = 5.15.133.1-microsoft-standard-WSL2
uname -s = Linux
uname -v = #1 SMP Thu Oct 5 21:02:42 UTC 2023

/usr/bin/uname -p = x86_64
/bin/uname -X     = unknown

/bin/arch              = x86_64
/usr/bin/arch -k       = unknown
/usr/convex/getsysinfo = unknown
/usr/bin/hostinfo      = unknown
/bin/machine           = unknown
/usr/bin/oslevel       = unknown
/bin/universe          = unknown

PATH: /usr/local/sbin/
PATH: /usr/local/bin/
PATH: /usr/sbin/
PATH: /usr/bin/
PATH: /sbin/
PATH: /bin/
PATH: /snap/bin/


## ----------- ##
## Core tests. ##
## ----------- ##

configure:2719: looking for aux files: compile config.guess config.sub ltmain.sh missing install-sh
configure:2732:  trying ../config/
configure:2761:   ../config/compile found
configure:2761:   ../config/config.guess found
configure:2761:   ../config/config.sub found
configure:2761:   ../config/ltmain.sh found
configure:2761:   ../config/missing found
configure:2743:   ../config/install-sh found
configure:2896: checking for a BSD-compatible install
configure:2969: result: /usr/bin/install -c
configure:2980: checking whether build environment is sane
configure:3035: result: yes
configure:3194: checking for a race-free mkdir -p
configure:3238: result: /usr/bin/mkdir -p
configure:3245: checking for gawk
configure:3266: found /usr/bin/gawk
configure:3277: result: gawk
configure:3288: checking whether make sets $(MAKE)
configure:3311: result: yes
configure:3341: checking whether make supports nested variables
configure:3359: result: yes
configure:3439: checking whether UID '0' is supported by ustar format
configure:3442: result: yes
configure:3449: checking whether GID '0' is supported by ustar format
configure:3452: result: yes
configure:3460: checking how to create a ustar tar archive
configure:3471: tar --version
tar (GNU tar) 1.34
Copyright (C) 2021 Free Software Foundation, Inc.
License GPLv3+: GNU GPL version 3 or later <https://gnu.org/licenses/gpl.html>.
This is free software: you are free to change and redistribute it.
There is NO WARRANTY, to the extent permitted by law.

Written by John Gilmore and Jay Fenlason.
configure:3474: $? = 0
configure:3514: tardir=conftest.dir && eval tar --format=ustar -chf - "$tardir" >conftest.tar
configure:3517: $? = 0
configure:3521: tar -xf - <conftest.tar
configure:3524: $? = 0
configure:3526: cat conftest.dir/file
GrepMe
configure:3529: $? = 0
configure:3543: result: gnutar
configure:3682: checking for g++
configure:3703: found /usr/bin/g++
configure:3714: result: g++
configure:3741: checking for C++ compiler version
configure:3750: g++ --version >&5
g++ (Ubuntu 11.4.0-1ubuntu1~22.04) 11.4.0
Copyright (C) 2021 Free Software Foundation, Inc.
This is free software; see the source for copying conditions.  There is NO
warranty; not even for MERCHANTABILITY or FITNESS FOR A PARTICULAR PURPOSE.

configure:3761: $? = 0
configure:3750: g++ -v >&5
Using built-in specs.
COLLECT_GCC=g++
COLLECT_LTO_WRAPPER=/usr/lib/gcc/x86_64-linux-gnu/11/lto-wrapper
OFFLOAD_TARGET_NAMES=nvptx-none:amdgcn-amdhsa
OFFLOAD_TARGET_DEFAULT=1
Target: x86_64-linux-gnu
Configured with: ../src/configure -v --with-pkgversion='Ubuntu 11.4.0-1ubuntu1~22.04' --with-bugurl=file:///usr/share/doc/gcc-11/README.Bugs --enable-languages=c,ada,c++,go,brig,d,fortran,objc,obj-c++,m2 --prefix=/usr --with-gcc-major-version-only --program-suffix=-11 --program-prefix=x86_64-linux-gnu- --enable-shared --enable-linker-build-id --libexecdir=/usr/lib --without-included-gettext --enable-threads=posix --libdir=/usr/lib --enable-nls --enable-bootstrap --enable-clocale=gnu --enable-libstdcxx-debug --enable-libstdcxx-time=yes --with-default-libstdcxx-abi=new --enable-gnu-unique-object --disable-vtable-verify --enable-plugin --enable-default-pie --with-system-zlib --enable-libphobos-checking=release --with-target-system-zlib=auto --enable-objc-gc=auto --enable-multiarch --disable-werror --enable-cet --with-arch-32=i686 --with-abi=m64 --with-multilib-list=m32,m64,mx32 --enable-multilib --with-tune=generic --enable-offload-targets=nvptx-none=/build/gcc-11-XeT9lY/gcc-11-11.4.0/debian/tmp-nvptx/usr,amdgcn-amdhsa=/build/gcc-11-XeT9lY/gcc-11-11.4.0/debian/tmp-gcn/usr --without-cuda-driver --enable-checking=release --build=x86_64-linux-gnu --host=x86_64-linux-gnu --target=x86_64-linux-gnu --with-build-config=bootstrap-lto-lean --enable-link-serialization=2
Thread model: posix
Supported LTO compression algorithms: zlib zstd
gcc version 11.4.0 (Ubuntu 11.4.0-1ubuntu1~22.04) 
... rest of stderr output deleted ...
configure:3761: $? = 0
configure:3750: g++ -V >&5
g++: error: unrecognized command-line option '-V'
g++: fatal error: no input files
compilation terminated.
configure:3761: $? = 1
configure:3750: g++ -qversion >&5
g++: error: unrecognized command-line option '-qversion'; did you mean '--version'?
g++: fatal error: no input files
compilation terminated.
configure:3761: $? = 1
configure:3781: checking whether the C++ compiler works
configure:3803: g++    conftest.cpp  >&5
configure:3807: $? = 0
configure:3857: result: yes
configure:3860: checking for C++ compiler default output file name
configure:3862: result: a.out
configure:3868: checking for suffix of executables
configure:3875: g++ -o conftest    conftest.cpp  >&5
configure:3879: $? = 0
configure:3902: result: 
configure:3924: checking whether we are cross compiling
configure:3932: g++ -o conftest    conftest.cpp  >&5
configure:3936: $? = 0
configure:3943: ./conftest
configure:3947: $? = 0
configure:3962: result: no
configure:3967: checking for suffix of object files
configure:3990: g++ -c   conftest.cpp >&5
configure:3994: $? = 0
configure:4016: result: o
configure:4020: checking whether the compiler supports GNU C++
configure:4040: g++ -c   conftest.cpp >&5
configure:4040: $? = 0
configure:4050: result: yes
configure:4061: checking whether g++ accepts -g
configure:4082: g++ -c -g  conftest.cpp >&5
configure:4082: $? = 0
configure:4126: result: yes
configure:4146: checking for g++ option to enable C++11 features
configure:4161: g++  -c -g -O2  conftest.cpp >&5
conftest.cpp: In function 'int main(int, char**)':
conftest.cpp:175:25: warning: empty parentheses were disambiguated as a function declaration [-Wvexing-parse]
  175 |   cxx11test::delegate d2();
      |                         ^~
conftest.cpp:175:25: note: remove parentheses to default-initialize a variable
  175 |   cxx11test::delegate d2();
      |                         ^~
      |                         --
conftest.cpp:175:25: note: or replace parentheses with braces to value-initialize a variable
configure:4161: $? = 0
configure:4179: result: none needed
configure:4246: checking whether make supports the include directive
configure:4261: make -f confmf.GNU && cat confinc.out
this is the am__doit target
configure:4264: $? = 0
configure:4283: result: yes (GNU style)
configure:4309: checking dependency style of g++
configure:4421: result: gcc3
configure:4468: checking build system type
configure:4483: result: x86_64-pc-linux-gnu
configure:4503: checking host system type
configure:4517: result: x86_64-pc-linux-gnu
configure:4558: checking how to print strings
configure:4585: result: printf
configure:4668: checking for gcc
configure:4689: found /usr/bin/gcc
configure:4700: result: gcc
configure:5053: checking for C compiler version
configure:5062: gcc --version >&5
gcc (Ubuntu 11.4.0-1ubuntu1~22.04) 11.4.0
Copyright (C) 2021 Free Software Foundation, Inc.
This is free software; see the source for copying conditions.  There is NO
warranty; not even for MERCHANTABILITY or FITNESS FOR A PARTICULAR PURPOSE.

configure:5073: $? = 0
configure:5062: gcc -v >&5
Using built-in specs.
COLLECT_GCC=gcc
COLLECT_LTO_WRAPPER=/usr/lib/gcc/x86_64-linux-gnu/11/lto-wrapper
OFFLOAD_TARGET_NAMES=nvptx-none:amdgcn-amdhsa
OFFLOAD_TARGET_DEFAULT=1
Target: x86_64-linux-gnu
Configured with: ../src/configure -v --with-pkgversion='Ubuntu 11.4.0-1ubuntu1~22.04' --with-bugurl=file:///usr/share/doc/gcc-11/README.Bugs --enable-languages=c,ada,c++,go,brig,d,fortran,objc,obj-c++,m2 --prefix=/usr --with-gcc-major-version-only --program-suffix=-11 --program-prefix=x86_64-linux-gnu- --enable-shared --enable-linker-build-id --libexecdir=/usr/lib --without-included-gettext --enable-threads=posix --libdir=/usr/lib --enable-nls --enable-bootstrap --enable-clocale=gnu --enable-libstdcxx-debug --enable-libstdcxx-time=yes --with-default-libstdcxx-abi=new --enable-gnu-unique-object --disable-vtable-verify --enable-plugin --enable-default-pie --with-system-zlib --enable-libphobos-checking=release --with-target-system-zlib=auto --enable-objc-gc=auto --enable-multiarch --disable-werror --enable-cet --with-arch-32=i686 --with-abi=m64 --with-multilib-list=m32,m64,mx32 --enable-multilib --with-tune=generic --enable-offload-targets=nvptx-none=/build/gcc-11-XeT9lY/gcc-11-11.4.0/debian/tmp-nvptx/usr,amdgcn-amdhsa=/build/gcc-11-XeT9lY/gcc-11-11.4.0/debian/tmp-gcn/usr --without-cuda-driver --enable-checking=release --build=x86_64-linux-gnu --host=x86_64-linux-gnu --target=x86_64-linux-gnu --with-build-config=bootstrap-lto-lean --enable-link-serialization=2
Thread model: posix
Supported LTO compression algorithms: zlib zstd
gcc version 11.4.0 (Ubuntu 11.4.0-1ubuntu1~22.04) 
... rest of stderr output deleted ...
configure:5073: $? = 0
configure:5062: gcc -V >&5
gcc: error: unrecognized command-line option '-V'
gcc: fatal error: no input files
compilation terminated.
configure:5073: $? = 1
configure:5062: gcc -qversion >&5
gcc: error: unrecognized command-line option '-qversion'; did you mean '--version'?
gcc: fatal error: no input files
compilation terminated.
configure:5073: $? = 1
configure:5062: gcc -version >&5
gcc: error: unrecognized command-line option '-version'
gcc: fatal error: no input files
compilation terminated.
configure:5073: $? = 1
configure:5077: checking whether the compiler supports GNU C
configure:5097: gcc -c   conftest.c >&5
configure:5097: $? = 0
configure:5107: result: yes
configure:5118: checking whether gcc accepts -g
configure:5139: gcc -c -g  conftest.c >&5
configure:5139: $? = 0
configure:5183: result: yes
configure:5203: checking for gcc option to enable C11 features
configure:5218: gcc  -c -g -O2  conftest.c >&5
configure:5218: $? = 0
configure:5236: result: none needed
configure:5352: checking whether gcc understands -c and -o together
configure:5375: gcc -c conftest.c -o conftest2.o
configure:5378: $? = 0
configure:5375: gcc -c conftest.c -o conftest2.o
configure:5378: $? = 0
configure:5390: result: yes
configure:5409: checking dependency style of gcc
configure:5521: result: gcc3
configure:5536: checking for a sed that does not truncate output
configure:5606: result: /usr/bin/sed
configure:5624: checking for grep that handles long lines and -e
configure:5688: result: /usr/bin/grep
configure:5693: checking for egrep
configure:5761: result: /usr/bin/grep -E
configure:5766: checking for fgrep
configure:5834: result: /usr/bin/grep -F
configure:5870: checking for ld used by gcc
configure:5938: result: /usr/bin/ld
configure:5945: checking if the linker (/usr/bin/ld) is GNU ld
configure:5961: result: yes
configure:5973: checking for BSD- or MS-compatible name lister (nm)
configure:6028: result: /usr/bin/nm -B
configure:6168: checking the name lister (/usr/bin/nm -B) interface
configure:6176: gcc -c -g -O2  conftest.c >&5
configure:6179: /usr/bin/nm -B "conftest.o"
configure:6182: output
0000000000000000 B some_variable
configure:6189: result: BSD nm
configure:6192: checking whether ln -s works
configure:6196: result: yes
configure:6204: checking the maximum length of command line arguments
configure:6336: result: 1572864
configure:6384: checking how to convert x86_64-pc-linux-gnu file names to x86_64-pc-linux-gnu format
configure:6425: result: func_convert_file_noop
configure:6432: checking how to convert x86_64-pc-linux-gnu file names to toolchain format
configure:6453: result: func_convert_file_noop
configure:6460: checking for /usr/bin/ld option to reload object files
configure:6468: result: -r
configure:6547: checking for objdump
configure:6568: found /usr/bin/objdump
configure:6579: result: objdump
configure:6611: checking how to recognize dependent libraries
configure:6812: result: pass_all
configure:6902: checking for dlltool
configure:6937: result: no
configure:6967: checking how to associate runtime and link libraries
configure:6995: result: printf %s\n
configure:7061: checking for ar
configure:7082: found /usr/bin/ar
configure:7093: result: ar
configure:7130: checking for archiver @FILE support
configure:7148: gcc -c -g -O2  conftest.c >&5
configure:7148: $? = 0
configure:7152: ar cr libconftest.a @conftest.lst >&5
configure:7155: $? = 0
configure:7160: ar cr libconftest.a @conftest.lst >&5
ar: conftest.o: No such file or directory
configure:7163: $? = 1
configure:7175: result: @
configure:7238: checking for strip
configure:7259: found /usr/bin/strip
configure:7270: result: strip
configure:7347: checking for ranlib
configure:7368: found /usr/bin/ranlib
configure:7379: result: ranlib
configure:7481: checking command to parse /usr/bin/nm -B output from gcc object
configure:7635: gcc -c -g -O2  conftest.c >&5
configure:7638: $? = 0
configure:7642: /usr/bin/nm -B conftest.o | sed -n -e 's/^.*[	 ]\([ABCDGIRSTW][ABCDGIRSTW]*\)[	 ][	 ]*\([_A-Za-z][_A-Za-z0-9]*\)$/\1 \2 \2/p' | sed '/ __gnu_lto/d' > conftest.nm
configure:7708: gcc -o conftest -g -O2   conftest.c conftstm.o >&5
configure:7711: $? = 0
configure:7749: result: ok
configure:7796: checking for sysroot
configure:7827: result: no
configure:7834: checking for a working dd
configure:7878: result: /usr/bin/dd
configure:7882: checking how to truncate binary pipes
configure:7898: result: /usr/bin/dd bs=4096 count=1
configure:8035: gcc -c -g -O2  conftest.c >&5
configure:8038: $? = 0
configure:8235: checking for mt
configure:8256: found /usr/bin/mt
configure:8267: result: mt
configure:8290: checking if mt is a manifest tool
configure:8297: mt '-?'
configure:8305: result: no
configure:9035: checking for stdio.h
configure:9035: gcc -c -g -O2  conftest.c >&5
configure:9035: $? = 0
configure:9035: result: yes
configure:9035: checking for stdlib.h
configure:9035: gcc -c -g -O2  conftest.c >&5
configure:9035: $? = 0
configure:9035: result: yes
configure:9035: checking for string.h
configure:9035: gcc -c -g -O2  conftest.c >&5
configure:9035: $? = 0
configure:9035: result: yes
configure:9035: checking for inttypes.h
configure:9035: gcc -c -g -O2  conftest.c >&5
configure:9035: $? = 0
configure:9035: result: yes
configure:9035: checking for stdint.h
configure:9035: gcc -c -g -O2  conftest.c >&5
configure:9035: $? = 0
configure:9035: result: yes
configure:9035: checking for strings.h
configure:9035: gcc -c -g -O2  conftest.c >&5
configure:9035: $? = 0
configure:9035: result: yes
configure:9035: checking for sys/stat.h
configure:9035: gcc -c -g -O2  conftest.c >&5
configure:9035: $? = 0
configure:9035: result: yes
configure:9035: checking for sys/types.h
configure:9035: gcc -c -g -O2  conftest.c >&5
configure:9035: $? = 0
configure:9035: result: yes
configure:9035: checking for unistd.h
configure:9035: gcc -c -g -O2  conftest.c >&5
configure:9035: $? = 0
configure:9035: result: yes
configure:9060: checking for dlfcn.h
configure:9060: gcc -c -g -O2  conftest.c >&5
configure:9060: $? = 0
configure:9060: result: yes
configure:9330: checking for objdir
configure:9346: result: .libs
configure:9606: checking if gcc supports -fno-rtti -fno-exceptions
configure:9625: gcc -c -g -O2  -fno-rtti -fno-exceptions conftest.c >&5
cc1: warning: command-line option '-fno-rtti' is valid for C++/D/ObjC++ but not for C
configure:9629: $? = 0
configure:9642: result: no
configure:10006: checking for gcc option to produce PIC
configure:10014: result: -fPIC -DPIC
configure:10022: checking if gcc PIC flag -fPIC -DPIC works
configure:10041: gcc -c -g -O2  -fPIC -DPIC -DPIC conftest.c >&5
configure:10045: $? = 0
configure:10058: result: yes
configure:10087: checking if gcc static flag -static works
configure:10116: result: yes
configure:10131: checking if gcc supports -c -o file.o
configure:10153: gcc -c -g -O2  -o out/conftest2.o conftest.c >&5
configure:10157: $? = 0
configure:10179: result: yes
configure:10187: checking if gcc supports -c -o file.o
configure:10235: result: yes
configure:10268: checking whether the gcc linker (/usr/bin/ld -m elf_x86_64) supports shared libraries
configure:11538: result: yes
configure:11575: checking whether -lc should be explicitly linked in
configure:11584: gcc -c -g -O2  conftest.c >&5
configure:11587: $? = 0
configure:11602: gcc -shared  -fPIC -DPIC conftest.o  -v -Wl,-soname -Wl,conftest -o conftest 2\>\&1 \| /usr/bin/grep  -lc  \>/dev/null 2\>\&1
configure:11605: $? = 0
configure:11619: result: no
configure:11779: checking dynamic linker characteristics
configure:12361: gcc -o conftest -g -O2   -Wl,-rpath -Wl,/foo conftest.c  >&5
configure:12361: $? = 0
configure:12612: result: GNU/Linux ld.so
configure:12734: checking how to hardcode library paths into programs
configure:12759: result: immediate
configure:13311: checking whether stripping libraries is possible
configure:13316: result: yes
configure:13351: checking if libtool supports shared libraries
configure:13353: result: yes
configure:13356: checking whether to build shared libraries
configure:13381: result: yes
configure:13384: checking whether to build static libraries
configure:13388: result: yes
configure:13411: checking how to run the C++ preprocessor
configure:13433: g++ -E  conftest.cpp
configure:13433: $? = 0
configure:13448: g++ -E  conftest.cpp
conftest.cpp:21:10: fatal error: ac_nonexistent.h: No such file or directory
   21 | #include <ac_nonexistent.h>
      |          ^~~~~~~~~~~~~~~~~~
compilation terminated.
configure:13448: $? = 1
configure: failed program was:
| /* confdefs.h */
| #define PACKAGE_NAME "hclib"
| #define PACKAGE_TARNAME "hclib"
| #define PACKAGE_VERSION "1.0"
| #define PACKAGE_STRING "hclib 1.0"
| #define PACKAGE_BUGREPORT "vivekk@iiitd.ac.in"
| #define PACKAGE_URL ""
| #define HAVE_STDIO_H 1
| #define HAVE_STDLIB_H 1
| #define HAVE_STRING_H 1
| #define HAVE_INTTYPES_H 1
| #define HAVE_STDINT_H 1
| #define HAVE_STRINGS_H 1
| #define HAVE_SYS_STAT_H 1
| #define HAVE_SYS_TYPES_H 1
| #define HAVE_UNISTD_H 1
| #define STDC_HEADERS 1
| #define HAVE_DLFCN_H 1
| #define LT_OBJDIR ".libs/"
| /* end confdefs.h.  */
| #include <ac_nonexistent.h>
configure:13475: result: g++ -E
configure:13489: g++ -E  conftest.cpp
configure:13489: $? = 0
configure:13504: g++ -E  conftest.cpp
conftest.cpp:21:10: fatal error: ac_nonexistent.h: No such file or directory
   21 | #include <ac_nonexistent.h>
      |          ^~~~~~~~~~~~~~~~~~
compilation terminated.
configure:13504: $? = 1
configure: failed program was:
| /* confdefs.h */
| #define PACKAGE_NAME "hclib"
| #define PACKAGE_TARNAME "hclib"
| #define PACKAGE_VERSION "1.0"
| #define PACKAGE_STRING "hclib 1.0"
| #define PACKAGE_BUGREPORT "vivekk@iiitd.ac.in"
| #define PACKAGE_URL ""
| #define HAVE_STDIO_H 1
| #define HAVE_STDLIB_H 1
| #define HAVE_STRING_H 1
| #define HAVE_INTTYPES_H 1
| #define HAVE_STDINT_H 1
| #define HAVE_STRINGS_H 1
| #define HAVE_SYS_STAT_H 1
| #define HAVE_SYS_TYPES_H 1
| #define HAVE_UNISTD_H 1
| #define STDC_HEADERS 1
| #define HAVE_DLFCN_H 1
| #define LT_OBJDIR ".libs/"
| /* end confdefs.h.  */
| #include <ac_nonexistent.h>
configure:13669: checking for ld used by g++
configure:13737: result: /usr/bin/ld -m elf_x86_64
configure:13744: checking if the linker (/usr/bin/ld -m elf_x86_64) is GNU ld
configure:13760: result: yes
configure:13815: checking whether the g++ linker (/usr/bin/ld -m elf_x86_64) supports shared libraries
configure:14892: result: yes
configure:14928: g++ -c -g -O2  conftest.cpp >&5
configure:14931: $? = 0
configure:15412: checking for g++ option to produce PIC
configure:15420: result: -fPIC -DPIC
configure:15428: checking if g++ PIC flag -fPIC -DPIC works
configure:15447: g++ -c -g -O2  -fPIC -DPIC -DPIC conftest.cpp >&5
configure:15451: $? = 0
configure:15464: result: yes
configure:15487: checking if g++ static flag -static works
configure:15516: result: yes
configure:15528: checking if g++ supports -c -o file.o
configure:15550: g++ -c -g -O2  -o out/conftest2.o conftest.cpp >&5
configure:15554: $? = 0
configure:15576: result: yes
configure:15581: checking if g++ supports -c -o file.o
configure:15629: result: yes
configure:15659: checking whether the g++ linker (/usr/bin/ld -m elf_x86_64) supports shared libraries
configure:15702: result: yes
configure:15844: checking dynamic linker characteristics
configure:16604: result: GNU/Linux ld.so
configure:16669: checking how to hardcode library paths into programs
configure:16694: result: immediate
configure:16783: Disabled HC performance counters
configure:16946: checking that generated files are newer than configure
configure:16952: result: done
configure:16983: creating ./config.status

## ---------------------- ##
## Running config.status. ##
## ---------------------- ##

This file was extended by hclib config.status 1.0, which was
generated by GNU Autoconf 2.71.  Invocation command line was

  CONFIG_FILES    = 
  CONFIG_HEADERS  = 
  CONFIG_LINKS    = 
  CONFIG_COMMANDS = 
  $ ./config.status 

on LAPTOP-VVEOPBGI

config.status:1069: creating Makefile
config.status:1069: creating src/Makefile
config.status:1226: executing depfiles commands
config.status:1303: cd src       && sed -e '/# am--include-marker/d' Makefile         | make -f - am--depfiles
config.status:1308: $? = 0
config.status:1226: executing libtool commands

## ---------------- ##
## Cache variables. ##
## ---------------- ##

ac_cv_build=x86_64-pc-linux-gnu
ac_cv_c_compiler_gnu=yes
ac_cv_cxx_compiler_gnu=yes
ac_cv_env_CCC_set=
ac_cv_env_CCC_value=
ac_cv_env_CC_set=
ac_cv_env_CC_value=
ac_cv_env_CFLAGS_set=
ac_cv_env_CFLAGS_value=
ac_cv_env_CPPFLAGS_set=
ac_cv_env_CPPFLAGS_value=
ac_cv_env_CXXCPP_set=
ac_cv_env_CXXCPP_value=
ac_cv_env_CXXFLAGS_set=
ac_cv_env_CXXFLAGS_value=
ac_cv_env_CXX_set=
ac_cv_env_CXX_value=
ac_cv_env_LDFLAGS_set=
ac_cv_env_LDFLAGS_value=
ac_cv_env_LIBS_set=
ac_cv_env_LIBS_value=
ac_cv_env_LT_SYS_LIBRARY_PATH_set=
ac_cv_env_LT_SYS_LIBRARY_PATH_value=
ac_cv_env_build_alias_set=
ac_cv_env_build_alias_value=
ac_cv_env_host_alias_set=
ac_cv_env_host_alias_value=
ac_cv_env_target_alias_set=
ac_cv_env_target_alias_value=
ac_cv_header_dlfcn_h=yes
ac_cv_header_inttypes_h=yes
ac_cv_header_stdint_h=yes
ac_cv_header_stdio_h=yes
ac_cv_header_stdlib_h=yes
ac_cv_header_string_h=yes
ac_cv_header_strings_h=yes
ac_cv_header_sys_stat_h=yes
ac_cv_header_sys_types_h=yes
ac_cv_header_unistd_h=yes
ac_cv_host=x86_64-pc-linux-gnu
ac_cv_objext=o
ac_cv_path_EGREP='/usr/bin/grep -E'
ac_cv_path_FGREP='/usr/bin/grep -F'
ac_cv_path_GREP=/usr/bin/grep
ac_cv_path_SED=/usr/bin/sed
ac_cv_path_install='/usr/bin/install -c'
ac_cv_path_lt_DD=/usr/bin/dd
ac_cv_path_mkdir=/usr/bin/mkdir
ac_cv_prog_AWK=gawk
ac_cv_prog_CXXCPP='g++ -E'
ac_cv_prog_ac_ct_AR=ar
ac_cv_prog_ac_ct_CC=gcc
ac_cv_prog_ac_ct_CXX=g++
ac_cv_prog_ac_ct_MANIFEST_TOOL=mt
ac_cv_prog_ac_ct_OBJDUMP=objdump
ac_cv_prog_ac_ct_RANLIB=ranlib
ac_cv_prog_ac_ct_STRIP=strip
ac_cv_prog_cc_c11=
ac_cv_prog_cc_g=yes
ac_cv_prog_cc_stdc=
ac_cv_prog_cxx_11=no
ac_cv_prog_cxx_cxx11=
ac_cv_prog_cxx_g=yes
ac_cv_prog_cxx_stdcxx=
ac_cv_prog_make_make_set=yes
am_cv_CC_dependencies_compiler_type=gcc3
am_cv_CXX_dependencies_compiler_type=gcc3
am_cv_make_support_nested_variables=yes
am_cv_prog_cc_c_o=yes
am_cv_prog_tar_ustar=gnutar
lt_cv_ar_at_file=@
lt_cv_archive_cmds_need_lc=no
lt_cv_deplibs_check_method=pass_all
lt_cv_file_magic_cmd='$MAGIC_CMD'
lt_cv_file_magic_test_file=
lt_cv_ld_reload_flag=-r
lt_cv_nm_interface='BSD nm'
lt_cv_objdir=.libs
lt_cv_path_LD=/usr/bin/ld
lt_cv_path_LDCXX='/usr/bin/ld -m elf_x86_64'
lt_cv_path_NM='/usr/bin/nm -B'
lt_cv_path_mainfest_tool=no
lt_cv_prog_compiler_c_o=yes
lt_cv_prog_compiler_c_o_CXX=yes
lt_cv_prog_compiler_pic='-fPIC -DPIC'
lt_cv_prog_compiler_pic_CXX='-fPIC -DPIC'
lt_cv_prog_compiler_pic_works=yes
lt_cv_prog_compiler_pic_works_CXX=yes
lt_cv_prog_compiler_rtti_exceptions=no
lt_cv_prog_compiler_static_works=yes
lt_cv_prog_compiler_static_works_CXX=yes
lt_cv_prog_gnu_ld=yes
lt_cv_prog_gnu_ldcxx=yes
lt_cv_sharedlib_from_linklib_cmd='printf %s\n'
lt_cv_shlibpath_overrides_runpath=yes
lt_cv_sys_global_symbol_pipe='sed -n -e '\''s/^.*[	 ]\([ABCDGIRSTW][ABCDGIRSTW]*\)[	 ][	 ]*\([_A-Za-z][_A-Za-z0-9]*\)$/\1 \2 \2/p'\'' | sed '\''/ __gnu_lto/d'\'''
lt_cv_sys_global_symbol_to_c_name_address='sed -n -e '\''s/^: \(.*\) .*$/  {"\1", (void *) 0},/p'\'' -e '\''s/^[ABCDGIRSTW][ABCDGIRSTW]* .* \(.*\)$/  {"\1", (void *) \&\1},/p'\'''
lt_cv_sys_global_symbol_to_c_name_address_lib_prefix='sed -n -e '\''s/^: \(.*\) .*$/  {"\1", (void *) 0},/p'\'' -e '\''s/^[ABCDGIRSTW][ABCDGIRSTW]* .* \(lib.*\)$/  {"\1", (void *) \&\1},/p'\'' -e '\''s/^[ABCDGIRSTW][ABCDGIRSTW]* .* \(.*\)$/  {"lib\1", (void *) \&\1},/p'\'''
lt_cv_sys_global_symbol_to_cdecl='sed -n -e '\''s/^T .* \(.*\)$/extern int \1();/p'\'' -e '\''s/^[ABCDGIRSTW][ABCDGIRSTW]* .* \(.*\)$/extern char \1;/p'\'''
lt_cv_sys_global_symbol_to_import=
lt_cv_sys_max_cmd_len=1572864
lt_cv_to_host_file_cmd=func_convert_file_noop
lt_cv_to_tool_file_cmd=func_convert_file_noop
lt_cv_truncate_bin='/usr/bin/dd bs=4096 count=1'

## ----------------- ##
## Output variables. ##
## ----------------- ##

ACLOCAL='${SHELL} '\''/home/dev/PRMP/tmp/hclib-light/config/missing'\'' aclocal-1.16'
AMDEPBACKSLASH='\'
AMDEP_FALSE='#'
AMDEP_TRUE=''
AMTAR='$${TAR-tar}'
AM_BACKSLASH='\'
AM_DEFAULT_V='$(AM_DEFAULT_VERBOSITY)'
AM_DEFAULT_VERBOSITY='1'
AM_V='$(V)'
AR='ar'
AUTOCONF='${SHELL} '\''/home/dev/PRMP/tmp/hclib-light/config/missing'\'' autoconf'
AUTOHEADER='${SHELL} '\''/home/dev/PRMP/tmp/hclib-light/config/missing'\'' autoheader'
AUTOMAKE='${SHELL} '\''/home/dev/PRMP/tmp/hclib-light/config/missing'\'' automake-1.16'
AWK='gawk'
CC='gcc'
CCDEPMODE='depmode=gcc3'
CFLAGS='-g -O2'
CPPFLAGS=''
CSCOPE='cscope'
CTAGS='ctags'
CXX='g++'
CXXCPP='g++ -E'
CXXDEPMODE='depmode=gcc3'
CXXFLAGS='-g -O2'
CYGPATH_W='echo'
DEFS='-DPACKAGE_NAME=\"hclib\" -DPACKAGE_TARNAME=\"hclib\" -DPACKAGE_VERSION=\"1.0\" -DPACKAGE_STRING=\"hclib\ 1.0\" -DPACKAGE_BUGREPORT=\"vivekk@iiitd.ac.in\" -DPACKAGE_URL=\"\" -DHAVE_STDIO_H=1 -DHAVE_STDLIB_H=1 -DHAVE_STRING_H=1 -DHAVE_INTTYPES_H=1 -DHAVE_STDINT_H=1 -DHAVE_STRINGS_H=1 -DHAVE_SYS_STAT_H=1 -DHAVE_SYS_TYPES_H=1 -DHAVE_UNISTD_H=1 -DSTDC_HEADERS=1 -DHAVE_DLFCN_H=1 -DLT_OBJDIR=\".libs/\"'
DEPDIR='.deps'
DLLTOOL='false'
DSYMUTIL=''
DUMPBIN=''
ECHO_C=''
ECHO_N='-n'
ECHO_T=''
EGREP='/usr/bin/grep -E'
ETAGS='etags'
EXEEXT=''
FGREP='/usr/bin/grep -F'
GREP='/usr/bin/grep'
INSTALL_DATA='${INSTALL} -m 644'
INSTALL_PROGRAM='${INSTALL}'
INSTALL_SCRIPT='${INSTALL}'
INSTALL_STRIP_PROGRAM='$(install_sh) -c -s'
LD='/usr/bin/ld -m elf_x86_64'
LDFLAGS=''
LIBOBJS=''
LIBS=''
LIBTOOL='$(SHELL) $(top_builddir)/libtool'
LIPO=''
LN_S='ln -s'
LTLIBOBJS=''
LT_SYS_LIBRARY_PATH=''
MAKEINFO='${SHELL} '\''/home/dev/PRMP/tmp/hclib-light/config/missing'\'' makeinfo'
MANIFEST_TOOL=':'
MKDIR_P='/usr/bin/mkdir -p'
NM='/usr/bin/nm -B'
NMEDIT=''
OBJDUMP='objdump'
OBJEXT='o'
OTOOL64=''
OTOOL=''
PACKAGE='hclib'
PACKAGE_BUGREPORT='vivekk@iiitd.ac.in'
PACKAGE_NAME='hclib'
PACKAGE_STRING='hclib 1.0'
PACKAGE_TARNAME='hclib'
PACKAGE_URL=''
PACKAGE_VERSION='1.0'
PATH_SEPARATOR=':'
PERFCOUNTER_FALSE=''
PERFCOUNTER_TRUE='#'
RANLIB='ranlib'
SED='/usr/bin/sed'
SET_MAKE=''
SHELL='/bin/bash'
STRIP='strip'
VERSION='1.0'
abs_top_srcdir=''
ac_aux_dir='../config/'
ac_ct_AR='ar'
ac_ct_CC='gcc'
ac_ct_CXX='g++'
ac_ct_DUMPBIN=''
am__EXEEXT_FALSE=''
am__EXEEXT_TRUE='#'
am__fastdepCC_FALSE='#'
am__fastdepCC_TRUE=''
am__fastdepCXX_FALSE='#'
am__fastdepCXX_TRUE=''
am__include='include'
am__isrc=' -I$(srcdir)'
am__leading_dot='.'
am__nodep='_no'
am__quote=''
am__tar='tar --format=ustar -chf - "$$tardir"'
am__untar='tar -xf -'
bindir='${exec_prefix}/bin'
build='x86_64-pc-linux-gnu'
build_alias=''
build_cpu='x86_64'
build_os='linux-gnu'
build_vendor='pc'
datadir='${datarootdir}'
datarootdir='${prefix}/share'
docdir='${datarootdir}/doc/${PACKAGE_TARNAME}'
dvidir='${docdir}'
exec_prefix='${prefix}'
host='x86_64-pc-linux-gnu'
host_alias=''
host_cpu='x86_64'
host_os='linux-gnu'
host_vendor='pc'
htmldir='${docdir}'
includedir='${prefix}/include'
infodir='${datarootdir}/info'
install_sh='${SHELL} /home/dev/PRMP/tmp/hclib-light/config/install-sh'
libdir='${exec_prefix}/lib'
libexecdir='${exec_prefix}/libexec'
localedir='${datarootdir}/locale'
localstatedir='${prefix}/var'
mandir='${datarootdir}/man'
mkdir_p='$(MKDIR_P)'
oldincludedir='/usr/include'
pdfdir='${docdir}'
prefix='/home/dev/PRMP/tmp/hclib-light/hclib-install'
program_transform_name='s,x,x,'
psdir='${docdir}'
runstatedir='${localstatedir}/run'
sbindir='${exec_prefix}/sbin'
sharedstatedir='${prefix}/com'
sysconfdir='${prefix}/etc'
target_alias=''

## ----------- ##
## confdefs.h. ##
## ----------- ##

/* confdefs.h */
#define PACKAGE_NAME "hclib"
#define PACKAGE_TARNAME "hclib"
#define PACKAGE_VERSION "1.0"
#define PACKAGE_STRING "hclib 1.0"
#define PACKAGE_BUGREPORT "vivekk@iiitd.ac.in"
#define PACKAGE_URL ""
#define HAVE_STDIO_H 1
#define HAVE_STDLIB_H 1
#define HAVE_STRING_H 1
#define HAVE_INTTYPES_H 1
#define HAVE_STDINT_H 1
#define HAVE_STRINGS_H 1
#define HAVE_SYS_STAT_H 1
#define HAVE_SYS_TYPES_H 1
#define HAVE_UNISTD_H 1
#define STDC_HEADERS 1
#define HAVE_DLFCN_H 1
#define LT_OBJDIR ".libs/"

configure: exit 0
